<?xml version="1.0" encoding="UTF-8"?>
<testsuite xmlns:xsi="http://www.w3.org/2001/XMLSchema-instance" xsi:noNamespaceSchemaLocation="https://maven.apache.org/surefire/maven-surefire-plugin/xsd/surefire-test-report.xsd" name="TestSuite" time="27.302" tests="2" errors="0" skipped="0" failures="2">
  <properties>
[...]
</properties>
  <testcase name="login" classname="tests.LoginPageTest" time="1.184">
    <failure message="Element &lt;label class=&quot;bootstrapped-label user_access_email_section&quot;&gt; is not reachable by keyboard&#10;Build info: version: &apos;3.8.1&apos;, revision: &apos;6e95a6684b&apos;, time: &apos;2017-12-01T18:33:54.468Z&apos;&#10;System info: host: &apos;pmarchenko-HP-ProBook-450-G4&apos;, ip: &apos;127.0.1.1&apos;, os.name: &apos;Linux&apos;, os.arch: &apos;amd64&apos;, os.version: &apos;4.13.0-25-generic&apos;, java.version: &apos;1.8.0_151&apos;&#10;Driver info: org.openqa.selenium.firefox.FirefoxDriver&#10;Capabilities {acceptInsecureCerts: true, browserName: firefox, browserVersion: 58.0, javascriptEnabled: true, moz:accessibilityChecks: false, moz:headless: false, moz:processID: 25528, moz:profile: /tmp/rust_mozprofile.j7cFYP..., moz:webdriverClick: true, pageLoadStrategy: normal, platform: LINUX, platformName: LINUX, platformVersion: 4.13.0-25-generic, rotatable: false, timeouts: {implicit: 0, pageLoad: 300000, script: 30000}}&#10;Session ID: 2bff081b-af88-403d-8cc1-c73510ad968e" type="org.openqa.selenium.ElementNotInteractableException"><![CDATA[org.openqa.selenium.ElementNotInteractableException: 
Element <label class="bootstrapped-label user_access_email_section"> is not reachable by keyboard
Build info: version: '3.8.1', revision: '6e95a6684b', time: '2017-12-01T18:33:54.468Z'
System info: host: 'pmarchenko-HP-ProBook-450-G4', ip: '127.0.1.1', os.name: 'Linux', os.arch: 'amd64', os.version: '4.13.0-25-generic', java.version: '1.8.0_151'
Driver info: org.openqa.selenium.firefox.FirefoxDriver
Capabilities {acceptInsecureCerts: true, browserName: firefox, browserVersion: 58.0, javascriptEnabled: true, moz:accessibilityChecks: false, moz:headless: false, moz:processID: 25528, moz:profile: /tmp/rust_mozprofile.j7cFYP..., moz:webdriverClick: true, pageLoadStrategy: normal, platform: LINUX, platformName: LINUX, platformVersion: 4.13.0-25-generic, rotatable: false, timeouts: {implicit: 0, pageLoad: 300000, script: 30000}}
Session ID: 2bff081b-af88-403d-8cc1-c73510ad968e
	at tests.LoginPageTest.login(LoginPageTest.java:18)
]]></failure>
    <system-err><![CDATA[Jan 30, 2018 12:32:13 PM org.baseConfigs.BrowserFactory getDriver
INFO: Start firefox
1517308335190	geckodriver	INFO	geckodriver 0.19.1
1517308335203	geckodriver	INFO	Listening on 127.0.0.1:28145
1517308336188	mozrunner::runner	INFO	Running command: "/usr/lib/firefox/firefox" "-marionette" "-profile" "/tmp/rust_mozprofile.j7cFYPE6JVMx"
1517308337747	Marionette	INFO	Enabled via --marionette
1517308341938	Marionette	INFO	Listening on port 40521
1517308342043	Marionette	WARN	TLS certificate errors will be ignored for this session
Jan 30, 2018 12:32:22 PM org.openqa.selenium.remote.ProtocolHandshake createSession
INFO: Detected dialect: W3C
]]></system-err>
  </testcase>
  <testcase name="login" classname="tests.LoginPageTest" time="4.056">
    <failure message="invalid selector: Unable to locate an element with the xpath expression //*[@value=&apos;Sign in&apos;])[1] because of the following error:&#10;SyntaxError: Failed to execute &apos;evaluate&apos; on &apos;Document&apos;: The string &apos;//*[@value=&apos;Sign in&apos;])[1]&apos; is not a valid XPath expression.&#10;  (Session info: chrome=62.0.3202.94)&#10;  (Driver info: chromedriver=2.35.528139 (47ead77cb35ad2a9a83248b292151462a66cd881),platform=Linux 4.13.0-25-generic x86_64) (WARNING: The server did not provide any stacktrace information)&#10;Command duration or timeout: 0 milliseconds&#10;For documentation on this error, please visit: http://seleniumhq.org/exceptions/invalid_selector_exception.html&#10;Build info: version: &apos;3.8.1&apos;, revision: &apos;6e95a6684b&apos;, time: &apos;2017-12-01T18:33:54.468Z&apos;&#10;System info: host: &apos;pmarchenko-HP-ProBook-450-G4&apos;, ip: &apos;127.0.1.1&apos;, os.name: &apos;Linux&apos;, os.arch: &apos;amd64&apos;, os.version: &apos;4.13.0-25-generic&apos;, java.version: &apos;1.8.0_151&apos;&#10;Driver info: org.openqa.selenium.chrome.ChromeDriver&#10;Capabilities {acceptInsecureCerts: false, acceptSslCerts: false, applicationCacheEnabled: false, browserConnectionEnabled: false, browserName: chrome, chrome: {chromedriverVersion: 2.35.528139 (47ead77cb35ad2..., userDataDir: /tmp/.org.chromium.Chromium...}, cssSelectorsEnabled: true, databaseEnabled: false, handlesAlerts: true, hasTouchScreen: false, javascriptEnabled: true, locationContextEnabled: true, mobileEmulationEnabled: false, nativeEvents: true, networkConnectionEnabled: false, pageLoadStrategy: normal, platform: LINUX, platformName: LINUX, rotatable: false, setWindowRect: true, takesHeapSnapshot: true, takesScreenshot: true, unexpectedAlertBehaviour: , unhandledPromptBehavior: , version: 62.0.3202.94, webStorageEnabled: true}&#10;Session ID: e32502c4da37c20a07029a9f951f81e1&#10;*** Element info: {Using=xpath, value=//*[@value=&apos;Sign in&apos;])[1]}" type="org.openqa.selenium.InvalidSelectorException">org.openqa.selenium.InvalidSelectorException: 
invalid selector: Unable to locate an element with the xpath expression //*[@value='Sign in'])[1] because of the following error:
SyntaxError: Failed to execute 'evaluate' on 'Document': The string '//*[@value='Sign in'])[1]' is not a valid XPath expression.
  (Session info: chrome=62.0.3202.94)
  (Driver info: chromedriver=2.35.528139 (47ead77cb35ad2a9a83248b292151462a66cd881),platform=Linux 4.13.0-25-generic x86_64) (WARNING: The server did not provide any stacktrace information)
Command duration or timeout: 0 milliseconds
For documentation on this error, please visit: http://seleniumhq.org/exceptions/invalid_selector_exception.html
Build info: version: '3.8.1', revision: '6e95a6684b', time: '2017-12-01T18:33:54.468Z'
System info: host: 'pmarchenko-HP-ProBook-450-G4', ip: '127.0.1.1', os.name: 'Linux', os.arch: 'amd64', os.version: '4.13.0-25-generic', java.version: '1.8.0_151'
Driver info: org.openqa.selenium.chrome.ChromeDriver
Capabilities {acceptInsecureCerts: false, acceptSslCerts: false, applicationCacheEnabled: false, browserConnectionEnabled: false, browserName: chrome, chrome: {chromedriverVersion: 2.35.528139 (47ead77cb35ad2..., userDataDir: /tmp/.org.chromium.Chromium...}, cssSelectorsEnabled: true, databaseEnabled: false, handlesAlerts: true, hasTouchScreen: false, javascriptEnabled: true, locationContextEnabled: true, mobileEmulationEnabled: false, nativeEvents: true, networkConnectionEnabled: false, pageLoadStrategy: normal, platform: LINUX, platformName: LINUX, rotatable: false, setWindowRect: true, takesHeapSnapshot: true, takesScreenshot: true, unexpectedAlertBehaviour: , unhandledPromptBehavior: , version: 62.0.3202.94, webStorageEnabled: true}
Session ID: e32502c4da37c20a07029a9f951f81e1
*** Element info: {Using=xpath, value=//*[@value='Sign in'])[1]}
	at tests.LoginPageTest.login(LoginPageTest.java:19)
</failure>
    <system-err><![CDATA[[GFX1-]: Receive IPC close with reason=AbnormalShutdown
[Child 25644, Chrome_ChildThread] WARNING: pipe error (3): Connection reset by peer: file /build/firefox-AkVwVI/firefox-58.0+build6/ipc/chromium/src/chrome/common/ipc_channel_posix.cc, line 353
[Child 25595, Chrome_ChildThread] WARNING: pipe error (34): Connection reset by peer: file /build/firefox-AkVwVI/firefox-58.0+build6/ipc/chromium/src/chrome/common/ipc_channel_posix.cc, line 353
[Child 25595, Chrome_ChildThread] WARNING: pipe error (15): Connection reset by peer: file /build/firefox-AkVwVI/firefox-58.0+build6/ipc/chromium/src/chrome/common/ipc_channel_posix.cc, line 353
[GFX1-]: Receive IPC close with reason=AbnormalShutdown
[Child 25595, Chrome_ChildThread] WARNING: pipe error (3): Connection reset by peer: file /build/firefox-AkVwVI/firefox-58.0+build6/ipc/chromium/src/chrome/common/ipc_channel_posix.cc, line 353
Jan 30, 2018 12:32:28 PM org.baseConfigs.BrowserFactory getDriver
INFO: Start chrome
Starting ChromeDriver 2.35.528139 (47ead77cb35ad2a9a83248b292151462a66cd881) on port 23509
Only local connections are allowed.
Jan 30, 2018 12:32:30 PM org.openqa.selenium.remote.ProtocolHandshake createSession
INFO: Detected dialect: OSS
]]></system-err>
  </testcase>
</testsuite>