<?xml version="1.0" encoding="UTF-8"?>
<testsuite xmlns:xsi="http://www.w3.org/2001/XMLSchema-instance" xsi:noNamespaceSchemaLocation="https://maven.apache.org/surefire/maven-surefire-plugin/xsd/surefire-test-report.xsd" name="TestSuite" time="114.225" tests="16" errors="0" skipped="4" failures="12">
  <properties>
[...]
</properties>
  <testcase name="displayLogo" classname="tests.MainPageTest" time="1.367">
    <failure type="java.lang.NullPointerException">java.lang.NullPointerException
	at tests.MainPageTest.displayLogo(MainPageTest.java:25)
</failure>
    <system-out><![CDATA[Test-FFTest Start
AR- null
ER- Booking.com Online Hotel Reservations
Test-FFTest Failure
]]></system-out>
    <system-err><![CDATA[Feb 06, 2018 3:44:36 PM BaseConfigs.BrowserFactory getDriver
INFO: Start firefox
1517924676591	geckodriver	INFO	geckodriver 0.19.1
1517924676595	geckodriver	INFO	Listening on 127.0.0.1:21766
1517924676900	mozrunner::runner	INFO	Running command: "/usr/lib/firefox/firefox" "-marionette" "-profile" "/tmp/rust_mozprofile.PRFF7z4fhuI2"
1517924677422	Marionette	INFO	Enabled via --marionette
1517924679590	Marionette	INFO	Listening on port 45615
1517924679634	Marionette	WARN	TLS certificate errors will be ignored for this session
Feb 06, 2018 3:44:40 PM org.openqa.selenium.remote.ProtocolHandshake createSession
INFO: Detected dialect: W3C
]]></system-err>
  </testcase>
  <testcase name="displayLogo" classname="tests.MainPageTest" time="0">
    <skipped message="Timed out waiting for driver server to start.&#10;Build info: version: &apos;3.8.1&apos;, revision: &apos;6e95a6684b&apos;, time: &apos;2017-12-01T18:33:54.468Z&apos;&#10;System info: host: &apos;pmarchenko-HP-ProBook-450-G4&apos;, ip: &apos;127.0.1.1&apos;, os.name: &apos;Linux&apos;, os.arch: &apos;amd64&apos;, os.version: &apos;4.13.0-32-generic&apos;, java.version: &apos;1.8.0_151&apos;&#10;Driver info: driver.version: ChromeDriver"/>
  </testcase>
  <testcase name="login" classname="tests.LoginPageTest" time="1.824">
    <failure message="Unable to locate element: (//*[@value=&apos;Sign in&apos; and @class=&apos;bootstrapped-input btn btn-primary  &apos;])&#10;For documentation on this error, please visit: http://seleniumhq.org/exceptions/no_such_element.html&#10;Build info: version: &apos;3.8.1&apos;, revision: &apos;6e95a6684b&apos;, time: &apos;2017-12-01T18:33:54.468Z&apos;&#10;System info: host: &apos;pmarchenko-HP-ProBook-450-G4&apos;, ip: &apos;127.0.1.1&apos;, os.name: &apos;Linux&apos;, os.arch: &apos;amd64&apos;, os.version: &apos;4.13.0-32-generic&apos;, java.version: &apos;1.8.0_151&apos;&#10;Driver info: org.openqa.selenium.firefox.FirefoxDriver&#10;Capabilities {acceptInsecureCerts: true, browserName: firefox, browserVersion: 58.0.1, javascriptEnabled: true, moz:accessibilityChecks: false, moz:headless: false, moz:processID: 4192, moz:profile: /tmp/rust_mozprofile.7V5Abk..., moz:webdriverClick: true, pageLoadStrategy: normal, platform: LINUX, platformName: LINUX, platformVersion: 4.13.0-32-generic, rotatable: false, timeouts: {implicit: 0, pageLoad: 300000, script: 30000}}&#10;Session ID: 57045eca-7cfa-486a-a7fb-d5c4474e4252&#10;*** Element info: {Using=xpath, value=(//*[@value=&apos;Sign in&apos; and @class=&apos;bootstrapped-input btn btn-primary  &apos;])}" type="org.openqa.selenium.NoSuchElementException">org.openqa.selenium.NoSuchElementException: 
Unable to locate element: (//*[@value='Sign in' and @class='bootstrapped-input btn btn-primary  '])
For documentation on this error, please visit: http://seleniumhq.org/exceptions/no_such_element.html
Build info: version: '3.8.1', revision: '6e95a6684b', time: '2017-12-01T18:33:54.468Z'
System info: host: 'pmarchenko-HP-ProBook-450-G4', ip: '127.0.1.1', os.name: 'Linux', os.arch: 'amd64', os.version: '4.13.0-32-generic', java.version: '1.8.0_151'
Driver info: org.openqa.selenium.firefox.FirefoxDriver
Capabilities {acceptInsecureCerts: true, browserName: firefox, browserVersion: 58.0.1, javascriptEnabled: true, moz:accessibilityChecks: false, moz:headless: false, moz:processID: 4192, moz:profile: /tmp/rust_mozprofile.7V5Abk..., moz:webdriverClick: true, pageLoadStrategy: normal, platform: LINUX, platformName: LINUX, platformVersion: 4.13.0-32-generic, rotatable: false, timeouts: {implicit: 0, pageLoad: 300000, script: 30000}}
Session ID: 57045eca-7cfa-486a-a7fb-d5c4474e4252
*** Element info: {Using=xpath, value=(//*[@value='Sign in' and @class='bootstrapped-input btn btn-primary  '])}
	at tests.LoginPageTest.login(LoginPageTest.java:21)
</failure>
    <system-out><![CDATA[Test-FFTest Failure
]]></system-out>
    <system-err><![CDATA[[Child 4058, Chrome_ChildThread] WARNING: pipe error (34): Connection reset by peer: file /build/firefox-mnaFRO/firefox-58.0.1+build1/ipc/chromium/src/chrome/common/ipc_channel_posix.cc, line 353
[Child 4058, Chrome_ChildThread] WARNING: pipe error (15): Connection reset by peer: file /build/firefox-mnaFRO/firefox-58.0.1+build1/ipc/chromium/src/chrome/common/ipc_channel_posix.cc, line 353
[GFX1-]: Receive IPC close with reason=AbnormalShutdown
[Child 4058, Chrome_ChildThread] WARNING: pipe error (3): Connection reset by peer: file /build/firefox-mnaFRO/firefox-58.0.1+build1/ipc/chromium/src/chrome/common/ipc_channel_posix.cc, line 353
Feb 06, 2018 3:44:44 PM BaseConfigs.BrowserFactory getDriver
INFO: Start firefox
1517924684792	geckodriver	INFO	geckodriver 0.19.1
1517924684797	geckodriver	INFO	Listening on 127.0.0.1:1645
1517924684935	mozrunner::runner	INFO	Running command: "/usr/lib/firefox/firefox" "-marionette" "-profile" "/tmp/rust_mozprofile.7V5AbklL3Jks"
1517924685560	Marionette	INFO	Enabled via --marionette
1517924687695	Marionette	INFO	Listening on port 33935
1517924687761	Marionette	WARN	TLS certificate errors will be ignored for this session
Feb 06, 2018 3:44:47 PM org.openqa.selenium.remote.ProtocolHandshake createSession
INFO: Detected dialect: W3C

(/usr/lib/firefox/firefox:4264): dconf-WARNING **: Unable to open /var/lib/snapd/desktop/dconf/profile/user: Permission denied
]]></system-err>
  </testcase>
  <testcase name="login" classname="tests.LoginPageTest" time="0">
    <skipped message="Timed out waiting for driver server to start.&#10;Build info: version: &apos;3.8.1&apos;, revision: &apos;6e95a6684b&apos;, time: &apos;2017-12-01T18:33:54.468Z&apos;&#10;System info: host: &apos;pmarchenko-HP-ProBook-450-G4&apos;, ip: &apos;127.0.1.1&apos;, os.name: &apos;Linux&apos;, os.arch: &apos;amd64&apos;, os.version: &apos;4.13.0-32-generic&apos;, java.version: &apos;1.8.0_151&apos;&#10;Driver info: driver.version: ChromeDriver"/>
  </testcase>
  <testcase name="incorrectLogin" classname="tests.LoginPageTest" time="0.744">
    <failure message="Unable to locate element: (//*[@value=&apos;Sign in&apos; and @class=&apos;bootstrapped-input btn btn-primary  &apos;])&#10;For documentation on this error, please visit: http://seleniumhq.org/exceptions/no_such_element.html&#10;Build info: version: &apos;3.8.1&apos;, revision: &apos;6e95a6684b&apos;, time: &apos;2017-12-01T18:33:54.468Z&apos;&#10;System info: host: &apos;pmarchenko-HP-ProBook-450-G4&apos;, ip: &apos;127.0.1.1&apos;, os.name: &apos;Linux&apos;, os.arch: &apos;amd64&apos;, os.version: &apos;4.13.0-32-generic&apos;, java.version: &apos;1.8.0_151&apos;&#10;Driver info: org.openqa.selenium.firefox.FirefoxDriver&#10;Capabilities {acceptInsecureCerts: true, browserName: firefox, browserVersion: 58.0.1, javascriptEnabled: true, moz:accessibilityChecks: false, moz:headless: false, moz:processID: 4387, moz:profile: /tmp/rust_mozprofile.8iQhtO..., moz:webdriverClick: true, pageLoadStrategy: normal, platform: LINUX, platformName: LINUX, platformVersion: 4.13.0-32-generic, rotatable: false, timeouts: {implicit: 0, pageLoad: 300000, script: 30000}}&#10;Session ID: 00b41d5e-2808-4869-af1e-5f7e95a207d2&#10;*** Element info: {Using=xpath, value=(//*[@value=&apos;Sign in&apos; and @class=&apos;bootstrapped-input btn btn-primary  &apos;])}" type="org.openqa.selenium.NoSuchElementException">org.openqa.selenium.NoSuchElementException: 
Unable to locate element: (//*[@value='Sign in' and @class='bootstrapped-input btn btn-primary  '])
For documentation on this error, please visit: http://seleniumhq.org/exceptions/no_such_element.html
Build info: version: '3.8.1', revision: '6e95a6684b', time: '2017-12-01T18:33:54.468Z'
System info: host: 'pmarchenko-HP-ProBook-450-G4', ip: '127.0.1.1', os.name: 'Linux', os.arch: 'amd64', os.version: '4.13.0-32-generic', java.version: '1.8.0_151'
Driver info: org.openqa.selenium.firefox.FirefoxDriver
Capabilities {acceptInsecureCerts: true, browserName: firefox, browserVersion: 58.0.1, javascriptEnabled: true, moz:accessibilityChecks: false, moz:headless: false, moz:processID: 4387, moz:profile: /tmp/rust_mozprofile.8iQhtO..., moz:webdriverClick: true, pageLoadStrategy: normal, platform: LINUX, platformName: LINUX, platformVersion: 4.13.0-32-generic, rotatable: false, timeouts: {implicit: 0, pageLoad: 300000, script: 30000}}
Session ID: 00b41d5e-2808-4869-af1e-5f7e95a207d2
*** Element info: {Using=xpath, value=(//*[@value='Sign in' and @class='bootstrapped-input btn btn-primary  '])}
	at tests.LoginPageTest.incorrectLogin(LoginPageTest.java:48)
</failure>
    <system-out><![CDATA[Test-FFTest Failure
]]></system-out>
    <system-err><![CDATA[[[GFXC1h-i]l:d  R4e2c6e4i,v eC hIrPoCm ec_lCohsiel dwTihtrhe arde]a sWAoRnN=IANbGn:o rpmiapleS heurtrdoorw n(
44): Connection reset by peer: file /build/firefox-mnaFRO/firefox-58.0.1+build1/ipc/chromium/src/chrome/common/ipc_channel_posix.cc, line 353
[Child 4264, Chrome_ChildThread] WARNING: pipe error (34): Connection reset by peer: file /build/firefox-mnaFRO/firefox-58.0.1+build1/ipc/chromium/src/chrome/common/ipc_channel_posix.cc, line 353
[Child 4264, Chrome_ChildThread] WARNING: pipe error (19): Connection reset by peer: file /build/firefox-mnaFRO/firefox-58.0.1+build1/ipc/chromium/src/chrome/common/ipc_channel_posix.cc, line 353
[Child 4324, Chrome_ChildThread] WARNING: pipe error (3): Connection reset by peer: file /build/firefox-mnaFRO/firefox-58.0.1+build1/ipc/chromium/src/chrome/common/ipc_channel_posix.cc, line 353
[GFX1-]: Receive IPC close with reason=AbnormalShutdown

###!!! [Child][MessageChannel] Error: (msgtype=0x4E0016,name=PLayerTransaction::Msg_ClearCachedResources) Channel error: cannot send/recv


###!!! [Child][MessageChannel] Error: (msgtype=0x4E0007,name=PLayerTransaction::Msg_ReleaseCompositable) Channel error: cannot send/recv


###!!! [Child][MessageChannel] Error: (msgtype=0x7A0003,name=PTexture::Msg_Destroy) Channel error: cannot send/recv


###!!! [Child][MessageChannel] Error: (msgtype=0x7A0003,name=PTexture::Msg_Destroy) Channel error: cannot send/recv


###!!! [Child][MessageChannel] Error: (msgtype=0x4E0007,name=PLayerTransaction::Msg_ReleaseCompositable) Channel error: cannot send/recv


###!!! [Child][MessageChannel] Error: (msgtype=0x7A0003,name=PTexture::Msg_Destroy) Channel error: cannot send/recv


###!!! [Child][MessageChannel] Error: (msgtype=0x7A0003,name=PTexture::Msg_Destroy) Channel error: cannot send/recv


###!!! [Child][MessageChannel] Error: (msgtype=0x4E0007,name=PLayerTransaction::Msg_ReleaseCompositable) Channel error: cannot send/recv


###!!! [Child][MessageChannel] Error: (msgtype=0x7A0003,name=PTexture::Msg_Destroy) Channel error: cannot send/recv


###!!! [Child][MessageChannel] Error: (msgtype=0x7A0003,name=PTexture::Msg_Destroy) Channel error: cannot send/recv


###!!! [Child][MessageChannel] Error: (msgtype=0x4E0007,name=PLayerTransaction::Msg_ReleaseCompositable) Channel error: cannot send/recv


###!!! [Child][MessageChannel] Error: (msgtype=0x4E0007,name=PLayerTransaction::Msg_ReleaseCompositable) Channel error: cannot send/recv


###!!! [Child][MessageChannel] Error: (msgtype=0x4E0007,name=PLayerTransaction::Msg_ReleaseCompositable) Channel error: cannot send/recv


###!!! [Child][MessageChannel] Error: (msgtype=0x4E0007,name=PLayerTransaction::Msg_ReleaseCompositable) Channel error: cannot send/recv


###!!! [Child][MessageChannel] Error: (msgtype=0x4E0007,name=PLayerTransaction::Msg_ReleaseCompositable) Channel error: cannot send/recv


###!!! [Child][MessageChannel] Error: (msgtype=0x4E0007,name=PLayerTransaction::Msg_ReleaseCompositable) Channel error: cannot send/recv


###!!! [Child][MessageChannel] Error: (msgtype=0x4E0007,name=PLayerTransaction::Msg_ReleaseCompositable) Channel error: cannot send/recv


###!!! [Child][MessageChannel] Error: (msgtype=0x4E0007,name=PLayerTransaction::Msg_ReleaseCompositable) Channel error: cannot send/recv


###!!! [Child][MessageChannel] Error: (msgtype=0x4E0007,name=PLayerTransaction::Msg_ReleaseCompositable) Channel error: cannot send/recv


###!!! [Child][MessageChannel] Error: (msgtype=0x4E0007,name=PLayerTransaction::Msg_ReleaseCompositable) Channel error: cannot send/recv


###!!! [Child][MessageChannel] Error: (msgtype=0x4E0007,name=PLayerTransaction::Msg_ReleaseCompositable) Channel error: cannot send/recv


###!!! [Child][MessageChannel] Error: (msgtype=0x4E0007,name=PLayerTransaction::Msg_ReleaseCompositable) Channel error: cannot send/recv


###!!! [Child][MessageChannel] Error: (msgtype=0x4E0007,name=PLayerTransaction::Msg_ReleaseCompositable) Channel error: cannot send/recv


###!!! [Child][MessageChannel] Error: (msgtype=0x4E0007,name=PLayerTransaction::Msg_ReleaseCompositable) Channel error: cannot send/recv


###!!! [Child][MessageChannel] Error: (msgtype=0x4E0007,name=PLayerTransaction::Msg_ReleaseCompositable) Channel error: cannot send/recv


###!!! [Child][MessageChannel] Error: (msgtype=0x4E0007,name=PLayerTransaction::Msg_ReleaseCompositable) Channel error: cannot send/recv


###!!! [Child][MessageChannel] Error: (msgtype=0x4E0007,name=PLayerTransaction::Msg_ReleaseCompositable) Channel error: cannot send/recv


###!!! [Child][MessageChannel] Error: (msgtype=0x4E0007,name=PLayerTransaction::Msg_ReleaseCompositable) Channel error: cannot send/recv


###!!! [Child][MessageChannel] Error: (msgtype=0x4E0007,name=PLayerTransaction::Msg_ReleaseCompositable) Channel error: cannot send/recv


###!!! [Child][MessageChannel] Error: (msgtype=0x4E0007,name=PLayerTransaction::Msg_ReleaseCompositable) Channel error: cannot send/recv


###!!! [Child][MessageChannel] Error: (msgtype=0x4E0007,name=PLayerTransaction::Msg_ReleaseCompositable) Channel error: cannot send/recv


###!!! [Child][MessageChannel] Error: (msgtype=0x4E0007,name=PLayerTransaction::Msg_ReleaseCompositable) Channel error: cannot send/recv


###!!! [Child][MessageChannel] Error: (msgtype=0x4E0007,name=PLayerTransaction::Msg_ReleaseCompositable) Channel error: cannot send/recv


###!!! [Child][MessageChannel] Error: (msgtype=0x4E0007,name=PLayerTransaction::Msg_ReleaseCompositable) Channel error: cannot send/recv


###!!! [Child][MessageChannel] Error: (msgtype=0x4E0007,name=PLayerTransaction::Msg_ReleaseCompositable) Channel error: cannot send/recv


###!!! [Child][MessageChannel] Error: (msgtype=0x4E0007,name=PLayerTransaction::Msg_ReleaseCompositable) Channel error: cannot send/recv


###!!! [Child][MessageChannel] Error: (msgtype=0x7A0003,name=PTexture::Msg_Destroy) Channel error: cannot send/recv


###!!! [Child][MessageChannel] Error: (msgtype=0x7A0003,name=PTexture::Msg_Destroy) Channel error: cannot send/recv


###!!! [Child][MessageChannel] Error: (msgtype=0x4E0007,name=PLayerTransaction::Msg_ReleaseCompositable) Channel error: cannot send/recv


###!!! [Child][MessageChannel] Error: (msgtype=0x4E0006,name=PLayerTransaction::Msg_ReleaseLayer) Channel error: cannot send/recv


###!!! [Child][MessageChannel] Error: (msgtype=0x4E0006,name=PLayerTransaction::Msg_ReleaseLayer) Channel error: cannot send/recv


###!!! [Child][MessageChannel] Error: (msgtype=0x4E0006,name=PLayerTransaction::Msg_ReleaseLayer) Channel error: cannot send/recv


###!!! [Child][MessageChannel] Error: (msgtype=0x4E0006,name=PLayerTransaction::Msg_ReleaseLayer) Channel error: cannot send/recv


###!!! [Child][MessageChannel] Error: (msgtype=0x4E0006,name=PLayerTransaction::Msg_ReleaseLayer) Channel error: cannot send/recv


###!!! [Child][MessageChannel] Error: (msgtype=0x4E0006,name=PLayerTransaction::Msg_ReleaseLayer) Channel error: cannot send/recv


###!!! [Child][MessageChannel] Error: (msgtype=0x4E0006,name=PLayerTransaction::Msg_ReleaseLayer) Channel error: cannot send/recv


###!!! [Child][MessageChannel] Error: (msgtype=0x4E0006,name=PLayerTransaction::Msg_ReleaseLayer) Channel error: cannot send/recv


###!!! [Child][MessageChannel] Error: (msgtype=0x4E0006,name=PLayerTransaction::Msg_ReleaseLayer) Channel error: cannot send/recv


###!!! [Child][MessageChannel] Error: (msgtype=0x4E0007,name=PLayerTransaction::Msg_ReleaseCompositable) Channel error: cannot send/recv


###!!! [Child][MessageChannel] Error: (msgtype=0x4E0006,name=PLayerTransaction::Msg_ReleaseLayer) Channel error: cannot send/recv


###!!! [Child][MessageChannel] Error: (msgtype=0x4E0006,name=PLayerTransaction::Msg_ReleaseLayer) Channel error: cannot send/recv


###!!! [Child][MessageChannel] Error: (msgtype=0x4E0006,name=PLayerTransaction::Msg_ReleaseLayer) Channel error: cannot send/recv


###!!! [Child][MessageChannel] Error: (msgtype=0x4E0006,name=PLayerTransaction::Msg_ReleaseLayer) Channel error: cannot send/recv


###!!! [Child][MessageChannel] Error: (msgtype=0x4E0006,name=PLayerTransaction::Msg_ReleaseLayer) Channel error: cannot send/recv


###!!! [Child][MessageChannel] Error: (msgtype=0x4E0007,name=PLayerTransaction::Msg_ReleaseCompositable) Channel error: cannot send/recv


###!!! [Child][MessageChannel] Error: (msgtype=0x4E0006,name=PLayerTransaction::Msg_ReleaseLayer) Channel error: cannot send/recv


###!!! [Child][MessageChannel] Error: (msgtype=0x4E0006,name=PLayerTransaction::Msg_ReleaseLayer) Channel error: cannot send/recv


###!!! [Child][MessageChannel] Error: (msgtype=0x4E0006,name=PLayerTransaction::Msg_ReleaseLayer) Channel error: cannot send/recv


###!!! [Child][MessageChannel] Error: (msgtype=0x4E0006,name=PLayerTransaction::Msg_ReleaseLayer) Channel error: cannot send/recv


###!!! [Child][MessageChannel] Error: (msgtype=0x4E0006,name=PLayerTransaction::Msg_ReleaseLayer) Channel error: cannot send/recv


###!!! [Child][MessageChannel] Error: (msgtype=0x4E0007,name=PLayerTransaction::Msg_ReleaseCompositable) Channel error: cannot send/recv


###!!! [Child][MessageChannel] Error: (msgtype=0x4E0006,name=PLayerTransaction::Msg_ReleaseLayer) Channel error: cannot send/recv


###!!! [Child][MessageChannel] Error: (msgtype=0x4E0006,name=PLayerTransaction::Msg_ReleaseLayer) Channel error: cannot send/recv


###!!! [Child][MessageChannel] Error: (msgtype=0x4E0006,name=PLayerTransaction::Msg_ReleaseLayer) Channel error: cannot send/recv


###!!! [Child][MessageChannel] Error: (msgtype=0x4E0006,name=PLayerTransaction::Msg_ReleaseLayer) Channel error: cannot send/recv


###!!! [Child][MessageChannel] Error: (msgtype=0x4E0006,name=PLayerTransaction::Msg_ReleaseLayer) Channel error: cannot send/recv


###!!! [Child][MessageChannel] Error: (msgtype=0x4E0007,name=PLayerTransaction::Msg_ReleaseCompositable) Channel error: cannot send/recv


###!!! [Child][MessageChannel] Error: (msgtype=0x4E0006,name=PLayerTransaction::Msg_ReleaseLayer) Channel error: cannot send/recv


###!!! [Child][MessageChannel] Error: (msgtype=0x4E0006,name=PLayerTransaction::Msg_ReleaseLayer) Channel error: cannot send/recv


###!!! [Child][MessageChannel] Error: (msgtype=0x4E0006,name=PLayerTransaction::Msg_ReleaseLayer) Channel error: cannot send/recv


###!!! [Child][MessageChannel] Error: (msgtype=0x4E0006,name=PLayerTransaction::Msg_ReleaseLayer) Channel error: cannot send/recv


###!!! [Child][MessageChannel] Error: (msgtype=0x4E0006,name=PLayerTransaction::Msg_ReleaseLayer) Channel error: cannot send/recv


###!!! [Child][MessageChannel] Error: (msgtype=0x4E0007,name=PLayerTransaction::Msg_ReleaseCompositable) Channel error: cannot send/recv


###!!! [Child][MessageChannel] Error: (msgtype=0x4E0006,name=PLayerTransaction::Msg_ReleaseLayer) Channel error: cannot send/recv


###!!! [Child][MessageChannel] Error: (msgtype=0x4E0006,name=PLayerTransaction::Msg_ReleaseLayer) Channel error: cannot send/recv


###!!! [Child][MessageChannel] Error: (msgtype=0x4E0006,name=PLayerTransaction::Msg_ReleaseLayer) Channel error: cannot send/recv


###!!! [Child][MessageChannel] Error: (msgtype=0x4E0006,name=PLayeFeb 06, 2018 3:44:52 PM BaseConfigs.BrowserFactory getDriver
INFO: Start firefox
1517924692645	geckodriver	INFO	geckodriver 0.19.1
1517924692653	geckodriver	INFO	Listening on 127.0.0.1:3404
1517924692822	mozrunner::runner	INFO	Running command: "/usr/lib/firefox/firefox" "-marionette" "-profile" "/tmp/rust_mozprofile.8iQhtOs6lVqZ"
1517924693360	Marionette	INFO	Enabled via --marionette
1517924694696	Marionette	INFO	Listening on port 40773
1517924694772	Marionette	WARN	TLS certificate errors will be ignored for this session
Feb 06, 2018 3:44:54 PM org.openqa.selenium.remote.ProtocolHandshake createSession
INFO: Detected dialect: W3C
Feb 06, 2018 3:44:57 PM tests.LoginPageTest incorrectLogin
INFO: T#01 for invalid email :Sir_Bobby@i.ua1 pass: Aa!19141983
]]></system-err>
  </testcase>
  <testcase name="incorrectLogin" classname="tests.LoginPageTest" time="5.668">
    <failure type="java.lang.NullPointerException">java.lang.NullPointerException
	at tests.LoginPageTest.incorrectLogin(LoginPageTest.java:54)
</failure>
    <system-out><![CDATA[AR- null
ER- You entered an email address/password combination that doesn't match. I forgot
Test-FFTest Failure
]]></system-out>
    <system-err><![CDATA[
(/usr/lib/firefox/firefox:4452): dconf-WARNING **: Unable to open /var/lib/snapd/desktop/dconf/profile/user: Permission denied
Feb 06, 2018 3:44:59 PM BaseConfigs.BrowserFactory getDriver
INFO: Start firefox
1517924699186	geckodriver	INFO	geckodriver 0.19.1
1517924699190	geckodriver	INFO	Listening on 127.0.0.1:18736
1517924699315	mozrunner::runner	INFO	Running command: "/usr/lib/firefox/firefox" "-marionette" "-profile" "/tmp/rust_mozprofile.P0HOz9hFGNUD"
1517924699856	Marionette	INFO	Enabled via --marionette
1517924701159	Marionette	INFO	Listening on port 35783
1517924701224	Marionette	WARN	TLS certificate errors will be ignored for this session
Feb 06, 2018 3:45:01 PM org.openqa.selenium.remote.ProtocolHandshake createSession
INFO: Detected dialect: W3C
Feb 06, 2018 3:45:03 PM tests.LoginPageTest incorrectLogin
INFO: T#02 for invalid pass :Sir_Bobby@i.ua pass: 123
]]></system-err>
  </testcase>
  <testcase name="incorrectLogin" classname="tests.LoginPageTest" time="0">
    <skipped/>
  </testcase>
  <testcase name="incorrectLogin" classname="tests.LoginPageTest" time="0">
    <skipped/>
  </testcase>
  <testcase name="setUp" classname="tests.MainPageTest" time="26.164">
    <failure message="Timed out waiting for driver server to start.&#10;Build info: version: &apos;3.8.1&apos;, revision: &apos;6e95a6684b&apos;, time: &apos;2017-12-01T18:33:54.468Z&apos;&#10;System info: host: &apos;pmarchenko-HP-ProBook-450-G4&apos;, ip: &apos;127.0.1.1&apos;, os.name: &apos;Linux&apos;, os.arch: &apos;amd64&apos;, os.version: &apos;4.13.0-32-generic&apos;, java.version: &apos;1.8.0_151&apos;&#10;Driver info: driver.version: ChromeDriver" type="org.openqa.selenium.WebDriverException">org.openqa.selenium.WebDriverException: 
Timed out waiting for driver server to start.
Build info: version: '3.8.1', revision: '6e95a6684b', time: '2017-12-01T18:33:54.468Z'
System info: host: 'pmarchenko-HP-ProBook-450-G4', ip: '127.0.1.1', os.name: 'Linux', os.arch: 'amd64', os.version: '4.13.0-32-generic', java.version: '1.8.0_151'
Driver info: driver.version: ChromeDriver
Caused by: org.openqa.selenium.net.UrlChecker$TimeoutException: Timed out waiting for [http://localhost:30956/status] to be available after 20000 ms
Caused by: java.util.concurrent.TimeoutException
</failure>
    <system-out><![CDATA[Test-FFTest Finish
Test-CHTest Start
]]></system-out>
    <system-err><![CDATA[Feb 06, 2018 3:45:09 PM BaseConfigs.BrowserFactory getDriver
INFO: Start chrome
/home/pmarchenko/Documents/Autotests/Booking.com/src/main/resources/chromedriver: 1: /home/pmarchenko/Documents/Autotests/Booking.com/src/main/resources/chromedriver: Syntax error: "(" unexpected
Feb 06, 2018 3:45:29 PM org.openqa.selenium.os.OsProcess checkForError
SEVERE: org.apache.commons.exec.ExecuteException: Process exited with an error: 2 (Exit value: 2)
]]></system-err>
  </testcase>
  <testcase name="tearDown" classname="tests.MainPageTest" time="26.165">
    <failure type="java.lang.NullPointerException">java.lang.NullPointerException
</failure>
  </testcase>
  <testcase name="setUp" classname="tests.LoginPageTest" time="46.168">
    <failure message="Timed out waiting for driver server to start.&#10;Build info: version: &apos;3.8.1&apos;, revision: &apos;6e95a6684b&apos;, time: &apos;2017-12-01T18:33:54.468Z&apos;&#10;System info: host: &apos;pmarchenko-HP-ProBook-450-G4&apos;, ip: &apos;127.0.1.1&apos;, os.name: &apos;Linux&apos;, os.arch: &apos;amd64&apos;, os.version: &apos;4.13.0-32-generic&apos;, java.version: &apos;1.8.0_151&apos;&#10;Driver info: driver.version: ChromeDriver" type="org.openqa.selenium.WebDriverException">org.openqa.selenium.WebDriverException: 
Timed out waiting for driver server to start.
Build info: version: '3.8.1', revision: '6e95a6684b', time: '2017-12-01T18:33:54.468Z'
System info: host: 'pmarchenko-HP-ProBook-450-G4', ip: '127.0.1.1', os.name: 'Linux', os.arch: 'amd64', os.version: '4.13.0-32-generic', java.version: '1.8.0_151'
Driver info: driver.version: ChromeDriver
Caused by: org.openqa.selenium.net.UrlChecker$TimeoutException: Timed out waiting for [http://localhost:1779/status] to be available after 20000 ms
Caused by: java.util.concurrent.TimeoutException
</failure>
    <system-err><![CDATA[Feb 06, 2018 3:45:29 PM BaseConfigs.BrowserFactory getDriver
INFO: Start chrome
/home/pmarchenko/Documents/Autotests/Booking.com/src/main/resources/chromedriver: 1: /home/pmarchenko/Documents/Autotests/Booking.com/src/main/resources/chromedriver: Syntax error: "(" unexpected
Feb 06, 2018 3:45:49 PM org.openqa.selenium.os.OsProcess checkForError
SEVERE: org.apache.commons.exec.ExecuteException: Process exited with an error: 2 (Exit value: 2)
]]></system-err>
  </testcase>
  <testcase name="setUp" classname="tests.LoginPageTest" time="66.172">
    <failure message="Timed out waiting for driver server to start.&#10;Build info: version: &apos;3.8.1&apos;, revision: &apos;6e95a6684b&apos;, time: &apos;2017-12-01T18:33:54.468Z&apos;&#10;System info: host: &apos;pmarchenko-HP-ProBook-450-G4&apos;, ip: &apos;127.0.1.1&apos;, os.name: &apos;Linux&apos;, os.arch: &apos;amd64&apos;, os.version: &apos;4.13.0-32-generic&apos;, java.version: &apos;1.8.0_151&apos;&#10;Driver info: driver.version: ChromeDriver" type="org.openqa.selenium.WebDriverException">org.openqa.selenium.WebDriverException: 
Timed out waiting for driver server to start.
Build info: version: '3.8.1', revision: '6e95a6684b', time: '2017-12-01T18:33:54.468Z'
System info: host: 'pmarchenko-HP-ProBook-450-G4', ip: '127.0.1.1', os.name: 'Linux', os.arch: 'amd64', os.version: '4.13.0-32-generic', java.version: '1.8.0_151'
Driver info: driver.version: ChromeDriver
Caused by: org.openqa.selenium.net.UrlChecker$TimeoutException: Timed out waiting for [http://localhost:11481/status] to be available after 20000 ms
Caused by: java.util.concurrent.TimeoutException
</failure>
    <system-err><![CDATA[Feb 06, 2018 3:45:49 PM BaseConfigs.BrowserFactory getDriver
INFO: Start chrome
/home/pmarchenko/Documents/Autotests/Booking.com/src/main/resources/chromedriver: 1: /home/pmarchenko/Documents/Autotests/Booking.com/src/main/resources/chromedriver: Syntax error: "(" unexpected
Feb 06, 2018 3:46:09 PM org.openqa.selenium.os.OsProcess checkForError
SEVERE: org.apache.commons.exec.ExecuteException: Process exited with an error: 2 (Exit value: 2)
]]></system-err>
  </testcase>
  <testcase name="setUp" classname="tests.LoginPageTest" time="86.179">
    <failure message="Timed out waiting for driver server to start.&#10;Build info: version: &apos;3.8.1&apos;, revision: &apos;6e95a6684b&apos;, time: &apos;2017-12-01T18:33:54.468Z&apos;&#10;System info: host: &apos;pmarchenko-HP-ProBook-450-G4&apos;, ip: &apos;127.0.1.1&apos;, os.name: &apos;Linux&apos;, os.arch: &apos;amd64&apos;, os.version: &apos;4.13.0-32-generic&apos;, java.version: &apos;1.8.0_151&apos;&#10;Driver info: driver.version: ChromeDriver" type="org.openqa.selenium.WebDriverException">org.openqa.selenium.WebDriverException: 
Timed out waiting for driver server to start.
Build info: version: '3.8.1', revision: '6e95a6684b', time: '2017-12-01T18:33:54.468Z'
System info: host: 'pmarchenko-HP-ProBook-450-G4', ip: '127.0.1.1', os.name: 'Linux', os.arch: 'amd64', os.version: '4.13.0-32-generic', java.version: '1.8.0_151'
Driver info: driver.version: ChromeDriver
Caused by: org.openqa.selenium.net.UrlChecker$TimeoutException: Timed out waiting for [http://localhost:6684/status] to be available after 20000 ms
Caused by: java.util.concurrent.TimeoutException
</failure>
    <system-err><![CDATA[Feb 06, 2018 3:46:09 PM BaseConfigs.BrowserFactory getDriver
INFO: Start chrome
/home/pmarchenko/Documents/Autotests/Booking.com/src/main/resources/chromedriver: 1: /home/pmarchenko/Documents/Autotests/Booking.com/src/main/resources/chromedriver: Syntax error: "(" unexpected
Feb 06, 2018 3:46:29 PM org.openqa.selenium.os.OsProcess checkForError
SEVERE: org.apache.commons.exec.ExecuteException: Process exited with an error: 2 (Exit value: 2)
]]></system-err>
  </testcase>
  <testcase name="tearDown" classname="tests.LoginPageTest" time="46.169">
    <failure type="java.lang.NullPointerException">java.lang.NullPointerException
</failure>
  </testcase>
  <testcase name="tearDown" classname="tests.LoginPageTest" time="66.173">
    <failure type="java.lang.NullPointerException">java.lang.NullPointerException
</failure>
  </testcase>
  <testcase name="tearDown" classname="tests.LoginPageTest" time="86.179">
    <failure type="java.lang.NullPointerException">java.lang.NullPointerException
</failure>
  </testcase>
</testsuite>