<?xml version="1.0" encoding="UTF-8"?>
<!-- Generated by org.testng.reporters.JUnitXMLReporter -->
<testsuite hostname="pmarchenko-HP-ProBook-450-G4" ignored="0" name="LoginTest-CH" tests="4" failures="1" timestamp="02 Feb 2018 11:07:48 GMT" time="35.379" errors="0">
  <testcase name="displayLogo" time="1.802" classname="tests.MainPageTest">
    <failure type="java.lang.AssertionError" message="expected [true] but found [false]">
      <![CDATA[java.lang.AssertionError: expected [true] but found [false]at tests.MainPageTest.displayLogo(MainPageTest.java:23)... Removed 33 stack frames]]>
    </failure>
  </testcase> <!-- displayLogo -->
  <testcase name="login" time="7.134" classname="tests.LoginPageTest"/>
  <testcase name="incorrectLogin" time="6.536" classname="tests.LoginPageTest"/>
  <testcase name="incorrectLogin" time="6.302" classname="tests.LoginPageTest"/>
</testsuite> <!-- LoginTest-CH -->
